[Tue Jul 14 04:39:55 PM UTC 2026] Starting PostgreSQL backup...
[Tue Jul 14 04:39:56 PM UTC 2026] Primary Node: shopixy-postgres-1
[Tue Jul 14 04:42:40 PM UTC 2026] Starting PostgreSQL backup...
[Tue Jul 14 04:42:40 PM UTC 2026] Primary Node: shopixy-postgres-1
[Tue Jul 14 05:11:28 PM UTC 2026] Starting PostgreSQL backup...
[Tue Jul 14 05:11:28 PM UTC 2026] Primary Node: shopixy-postgres-1
[Tue Jul 14 05:11:34 PM UTC 2026] Backup completed successfully
[Tue Jul 14 05:11:34 PM UTC 2026] Size: 4.0K
[Tue Jul 14 05:11:34 PM UTC 2026] Duration: 6 sec
[Tue Jul 14 06:19:14 PM UTC 2026] Starting PostgreSQL backup...
[Tue Jul 14 06:19:15 PM UTC 2026] Primary Node: shopixy-postgres-1
[Tue Jul 14 06:19:18 PM UTC 2026] Backup completed successfully
[Tue Jul 14 06:19:18 PM UTC 2026] Size: 4.0K
[Tue Jul 14 06:19:18 PM UTC 2026] Duration: 4 sec
[Tue Jul 14 06:28:53 PM UTC 2026] Starting PostgreSQL backup...
[Tue Jul 14 06:28:54 PM UTC 2026] Primary Node: shopixy-postgres-1
[Tue Jul 14 06:28:58 PM UTC 2026] Backup completed successfully
[Tue Jul 14 06:28:58 PM UTC 2026] Size: 4.0K
[Tue Jul 14 06:28:58 PM UTC 2026] Duration: 5 sec
[Wed Jul 15 11:59:59 AM UTC 2026] Starting PostgreSQL backup...
