
==================================================
[Tue Jul 14 05:17:43 PM UTC 2026] Starting MongoDB backup...
[Tue Jul 14 05:17:47 PM UTC 2026] Selected secondary pod: mongo-0
[Tue Jul 14 05:17:48 PM UTC 2026] Running mongodump...
Defaulted container "mongo" out of: mongo, prepare-keyfile (init)
2026-07-14T17:17:48.554+0000	writing admin.system.users to /tmp/mongobackup/admin/system.users.bson.gz
2026-07-14T17:17:48.556+0000	done dumping admin.system.users (2 documents)
2026-07-14T17:17:48.556+0000	writing admin.system.version to /tmp/mongobackup/admin/system.version.bson.gz
2026-07-14T17:17:48.557+0000	done dumping admin.system.version (2 documents)
[Tue Jul 14 05:17:48 PM UTC 2026] Copying backup to host...
[Tue Jul 14 05:17:48 PM UTC 2026] Compressing backup...
[Tue Jul 14 05:17:48 PM UTC 2026] Validating archive...
[Tue Jul 14 05:17:48 PM UTC 2026] Uploading backup to Google Drive...
[Tue Jul 14 05:17:56 PM UTC 2026] Google Drive upload completed
[Tue Jul 14 05:17:56 PM UTC 2026] Cleaning old backups...
[Tue Jul 14 05:17:56 PM UTC 2026] Backup completed successfully
[Tue Jul 14 05:17:56 PM UTC 2026] Archive: mongodb_backup_2026-07-14_17-17-43.tar.gz
[Tue Jul 14 05:17:56 PM UTC 2026] Manifest: mongodb_backup_2026-07-14_17-17-43.manifest
[Tue Jul 14 05:17:56 PM UTC 2026] Size: 4.0K
==================================================

==================================================
[Tue Jul 14 06:19:18 PM UTC 2026] Starting MongoDB backup...
[Tue Jul 14 06:19:23 PM UTC 2026] Selected secondary pod: mongo-0
[Tue Jul 14 06:19:23 PM UTC 2026] Running mongodump...
Defaulted container "mongo" out of: mongo, prepare-keyfile (init)
2026-07-14T18:19:23.964+0000	writing admin.system.users to /tmp/mongobackup/admin/system.users.bson.gz
2026-07-14T18:19:23.967+0000	done dumping admin.system.users (2 documents)
2026-07-14T18:19:23.967+0000	writing admin.system.version to /tmp/mongobackup/admin/system.version.bson.gz
2026-07-14T18:19:23.968+0000	done dumping admin.system.version (2 documents)
[Tue Jul 14 06:19:23 PM UTC 2026] Copying backup to host...
[Tue Jul 14 06:19:24 PM UTC 2026] Compressing backup...
[Tue Jul 14 06:19:24 PM UTC 2026] Validating archive...
[Tue Jul 14 06:19:24 PM UTC 2026] Uploading backup to Google Drive...
[Tue Jul 14 06:19:30 PM UTC 2026] Google Drive upload completed
[Tue Jul 14 06:19:30 PM UTC 2026] Cleaning old backups...
[Tue Jul 14 06:19:30 PM UTC 2026] Backup completed successfully
[Tue Jul 14 06:19:30 PM UTC 2026] Archive: mongodb_backup_2026-07-14_18-19-18.tar.gz
[Tue Jul 14 06:19:30 PM UTC 2026] Manifest: mongodb_backup_2026-07-14_18-19-18.manifest
[Tue Jul 14 06:19:30 PM UTC 2026] Size: 4.0K
==================================================

==================================================
[Tue Jul 14 06:28:58 PM UTC 2026] Starting MongoDB backup...
[Tue Jul 14 06:28:58 PM UTC 2026] Selected secondary pod: mongo-0
[Tue Jul 14 06:28:59 PM UTC 2026] Running mongodump...
Defaulted container "mongo" out of: mongo, prepare-keyfile (init)
2026-07-14T18:28:59.215+0000	writing admin.system.users to /tmp/mongobackup/admin/system.users.bson.gz
2026-07-14T18:28:59.218+0000	done dumping admin.system.users (2 documents)
2026-07-14T18:28:59.219+0000	writing admin.system.version to /tmp/mongobackup/admin/system.version.bson.gz
2026-07-14T18:28:59.219+0000	done dumping admin.system.version (2 documents)
[Tue Jul 14 06:28:59 PM UTC 2026] Copying backup to host...
[Tue Jul 14 06:28:59 PM UTC 2026] Compressing backup...
[Tue Jul 14 06:28:59 PM UTC 2026] Validating archive...
[Tue Jul 14 06:28:59 PM UTC 2026] Uploading backup to Google Drive...
[Tue Jul 14 06:29:12 PM UTC 2026] Google Drive upload completed
[Tue Jul 14 06:29:12 PM UTC 2026] Cleaning old backups...
[Tue Jul 14 06:29:12 PM UTC 2026] Backup completed successfully
[Tue Jul 14 06:29:12 PM UTC 2026] Archive: mongodb_backup_2026-07-14_18-28-58.tar.gz
[Tue Jul 14 06:29:12 PM UTC 2026] Manifest: mongodb_backup_2026-07-14_18-28-58.manifest
[Tue Jul 14 06:29:12 PM UTC 2026] Size: 4.0K
==================================================
